2025-08-05 20:10:50,343 - INFO - Succesfully read the YAML file
2025-08-05 20:10:50,344 - INFO - Data Ingestion Started....
2025-08-05 20:10:50,344 - INFO - Starting Data Ingestion Process....
2025-08-05 20:10:53,609 - ERROR - Error while downloading data from GCP
2025-08-05 20:10:53,610 - ERROR - CustomException : Error in C:\Users\MONISH\OneDrive\Documents\Data_science 2024\MLOPS_projects\Projects\Anime_Recommender_hybrid\src\data_ingestion.py , line 24 : Failed to download data
2025-08-05 20:10:53,610 - INFO - Data Ingestion DONE...
2025-08-05 21:54:15,364 - INFO - Succesfully read the YAML file
2025-08-05 21:54:15,366 - INFO - Data Ingestion Started....
2025-08-05 21:54:15,366 - INFO - Starting Data Ingestion Process....
2025-08-05 21:54:16,105 - ERROR - Error while downloading data from GCP
2025-08-05 21:54:16,106 - ERROR - CustomException : Error in C:\Users\MONISH\OneDrive\Documents\Data_science 2024\MLOPS_projects\Projects\Anime_Recommender_hybrid\src\data_ingestion.py , line 39 : Failed to download data
2025-08-05 21:54:16,106 - INFO - Data Ingestion DONE...
2025-08-05 21:56:00,853 - INFO - Succesfully read the YAML file
2025-08-05 21:56:00,855 - INFO - Data Ingestion Started....
2025-08-05 21:56:00,855 - INFO - Starting Data Ingestion Process....
2025-08-05 21:56:00,938 - INFO - Authenticated with GCP. Using bucket: mlops-project_2
2025-08-05 21:56:00,938 - INFO - Trying to download file: anime.csv to path: artifacts/raw\anime.csv
2025-08-05 21:56:01,223 - ERROR - Error while downloading data from GCP: ('invalid_grant: Invalid JWT Signature.', {'error': 'invalid_grant', 'error_description': 'Invalid JWT Signature.'})
2025-08-05 21:56:01,224 - ERROR - CustomException : Error in C:\Users\MONISH\OneDrive\Documents\Data_science 2024\MLOPS_projects\Projects\Anime_Recommender_hybrid\src\data_ingestion.py , line 32 : Failed to download data
2025-08-05 21:56:01,224 - INFO - Data Ingestion DONE...
2025-08-05 22:00:48,630 - INFO - Succesfully read the YAML file
2025-08-05 22:00:48,631 - INFO - Data Ingestion Started (Local Mode)...
2025-08-05 22:00:48,631 - INFO - Starting Local Data Ingestion Process....
2025-08-05 22:00:48,654 - INFO - Copied file: anime.csv
2025-08-05 22:00:48,676 - INFO - Copied file: anime_with_synopsis.csv
2025-08-05 22:00:56,582 - INFO - Copied animelist.csv with 5M rows
2025-08-05 22:00:56,609 - INFO - Local Data Ingestion Completed...
2025-08-05 22:00:56,609 - INFO - Data Ingestion DONE...
